<?xml version="1.0" encoding="UTF-8"?>
<testsuites>
    <testsuite name="force.apex" timestamp="2026-08-03T17:52:59.000Z" hostname="https://ltimindtreelimited.my.salesforce.com" tests="34" failures="0"  errors="0"  time="2.81">
        <properties>
            <property name="outcome" value="Successful"/>
            <property name="testsRan" value="34"/>
            <property name="passing" value="34"/>
            <property name="failing" value="0"/>
            <property name="skipped" value="0"/>
            <property name="passRate" value="100%"/>
            <property name="failRate" value="0%"/>
            <property name="testStartTime" value="Mon Aug 03 2026 11:22:59 pm"/>
            <property name="testExecutionTime" value="2.81 s"/>
            <property name="testTotalTime" value="2.81 s"/>
            <property name="commandTime" value="0.22 s"/>
            <property name="hostname" value="https://ltimindtreelimited.my.salesforce.com"/>
            <property name="orgId" value="00DdN000011kGNGUA2"/>
            <property name="username" value="mallikarjujkcustomapp@gmail.com"/>
            <property name="testRunId" value="707dN00000WJ13W"/>
            <property name="userId" value="005dN00000DBKwnQAH"/>
            <property name="coveredLines" value="179"/>
            <property name="testRunCoverage" value="100%"/>
            <property name="orgWideCoverage" value="100%"/>
        </properties>
        <testcase name="setupData" classname="MaintenanceRequestTriggerHandlerTest" time="0.07">
        </testcase>
        <testcase name="testAutoAssign_doesNotOverrideExplicitVendor" classname="MaintenanceRequestTriggerHandlerTest" time="0.09">
        </testcase>
        <testcase name="testAutoAssign_noVendorsExist_doesNotError" classname="MaintenanceRequestTriggerHandlerTest" time="0.21">
        </testcase>
        <testcase name="testAutoAssign_respectsExistingWorkload" classname="MaintenanceRequestTriggerHandlerTest" time="0.06">
        </testcase>
        <testcase name="testAutoAssign_singleRequest" classname="MaintenanceRequestTriggerHandlerTest" time="0.03">
        </testcase>
        <testcase name="testAutoAssign_spreadsAcrossVendors" classname="MaintenanceRequestTriggerHandlerTest" time="0.05">
        </testcase>
        <testcase name="testTrigger_geocodesOnAddressUpdate" classname="PropertyTriggerTest" time="0.19">
        </testcase>
        <testcase name="testTrigger_noGeocodeWhenAddressUnchanged" classname="PropertyTriggerTest" time="0.05">
        </testcase>
        <testcase name="testGeocodeAddressSync_noResults" classname="GeocodingServiceTest" time="0.04">
        </testcase>
        <testcase name="testGeocodeAddressSync_success" classname="GeocodingServiceTest" time="0.01">
        </testcase>
        <testcase name="testGeocodeProperty_updatesRecord" classname="GeocodingServiceTest" time="0.06">
        </testcase>
        <testcase name="setupData" classname="PropertyControllerTest" time="0.09">
        </testcase>
        <testcase name="testCreateProperty_withGeocodingMock" classname="PropertyControllerTest" time="0.03">
        </testcase>
        <testcase name="testDeleteProperty" classname="PropertyControllerTest" time="0.21">
        </testcase>
        <testcase name="testGetProperties_firstPage" classname="PropertyControllerTest" time="0.01">
        </testcase>
        <testcase name="testGetProperties_secondPage" classname="PropertyControllerTest" time="0.01">
        </testcase>
        <testcase name="testGetProperties_withAvailabilityFilter" classname="PropertyControllerTest" time="0.01">
        </testcase>
        <testcase name="testGetProperties_withFurnishingFilter" classname="PropertyControllerTest" time="0.01">
        </testcase>
        <testcase name="testGetProperties_withMaxPriceFilter" classname="PropertyControllerTest" time="0.02">
        </testcase>
        <testcase name="testGetThumbnails_emptyList" classname="PropertyControllerTest" time="0.00">
        </testcase>
        <testcase name="testGetThumbnails_noFiles" classname="PropertyControllerTest" time="0.01">
        </testcase>
        <testcase name="testGetThumbnails_withFile" classname="PropertyControllerTest" time="0.39">
        </testcase>
        <testcase name="setup" classname="TestLinkCOACustomerToLMALicense" time="0.28">
        </testcase>
        <testcase name="testTriggerAfterInsert" classname="TestLinkCOACustomerToLMALicense" time="0.17">
        </testcase>
        <testcase name="testTriggerAfterUpdate" classname="TestLinkCOACustomerToLMALicense" time="0.07">
        </testcase>
        <testcase name="testTriggerNoMatchingLicense" classname="TestLinkCOACustomerToLMALicense" time="0.03">
        </testcase>
        <testcase name="setupData" classname="LeaseExpiryReminderJobTest" time="0.19">
        </testcase>
        <testcase name="testExecute_noExpiringLeases_noEmails" classname="LeaseExpiryReminderJobTest" time="0.31">
        </testcase>
        <testcase name="testExecute_sendsRemindersForExpiringLeases" classname="LeaseExpiryReminderJobTest" time="0.21">
        </testcase>
        <testcase name="testScheduling" classname="LeaseExpiryReminderJobTest" time="0.23">
        </testcase>
        <testcase name="setupData" classname="LeaseAgreementControllerTest" time="0.26">
        </testcase>
        <testcase name="testGetLeaseDetails" classname="LeaseAgreementControllerTest" time="0.04">
        </testcase>
        <testcase name="testSendLeasePdf_noTenantEmail_throws" classname="LeaseAgreementControllerTest" time="0.10">
        </testcase>
        <testcase name="testSendLeasePdf_success" classname="LeaseAgreementControllerTest" time="0.15">
        </testcase>
    </testsuite>
</testsuites>
